docker-dnsscanner
[latest b3ec681] automatic pre latest image built commit
 1 file changed, 1 insertion(+)
using 2024-11-20-d1aaa04
Sending build context to Docker daemon  324.1kB
Step 1/9 : FROM ubuntu:24.04
 ---> fec8bfd95b54
Step 2/9 : ENV DEBIAN_FRONTEND=noninteractive
 ---> Using cache
 ---> 1696b2a27c5a
Step 3/9 : ENV TZ=Europe/Vienna
 ---> Using cache
 ---> 3c8aeeaf96d2
Step 4/9 : RUN apt update && apt install --no-install-recommends -y     tzdata     python3-setuptools     python3-pip     python3     python3-scapy     python3-prometheus-client     libpcap-dev
 ---> Using cache
 ---> b25589b2c4ff
Step 5/9 : WORKDIR /usr/src/app
 ---> Using cache
 ---> 4d631b368ce1
Step 6/9 : RUN pip3 freeze
 ---> Using cache
 ---> 5ee68e3dcbb7
Step 7/9 : RUN apt -y purge python3-pip python3-setuptools;     apt -y autoremove;     apt -y clean;
 ---> Using cache
 ---> 758bac9d226a
Step 8/9 : COPY build/main.py /usr/src/app/main.py
 ---> 01a0fdf97f60
Step 9/9 : CMD ["python3", "-u", "/usr/src/app/main.py"]
 ---> Running in bec6f945d9cc
Removing intermediate container bec6f945d9cc
 ---> 1a99e42fcf47
Successfully built 1a99e42fcf47
Successfully tagged registry.messner.click/gunny26/docker-dnsscanner:2024-11-20-d1aaa04
