docker-dnsscanner
[main 9b97f19] automatic pre deployment commit
 2 files changed, 9 insertions(+)
 create mode 100644 README.md
 create mode 100644 stable.tmp
using 2024-11-22-d5b11a5
Sending build context to Docker daemon  425.5kB
Step 1/9 : FROM ubuntu:24.04
24.04: Pulling from library/ubuntu
Digest: sha256:278628f08d4979fb9af9ead44277dbc9c92c2465922310916ad0c46ec9999295
Status: Downloaded newer image for ubuntu:24.04
 ---> 2d4e6732b03f
Step 2/9 : ENV DEBIAN_FRONTEND=noninteractive
 ---> Using cache
 ---> 4597c87c264d
Step 3/9 : ENV TZ=Europe/Vienna
 ---> Using cache
 ---> 5bf920f9131a
Step 4/9 : RUN apt update && apt install --no-install-recommends -y     tzdata     python3-setuptools     python3-pip     python3     python3-scapy     python3-prometheus-client     libpcap-dev
 ---> Using cache
 ---> f1636548fbf6
Step 5/9 : WORKDIR /usr/src/app
 ---> Using cache
 ---> 2ea0b3e4ea5b
Step 6/9 : RUN pip3 freeze
 ---> Using cache
 ---> 427ce3b0f92b
Step 7/9 : RUN apt -y purge python3-pip python3-setuptools;     apt -y autoremove;     apt -y clean;
 ---> Using cache
 ---> 6c484244dda1
Step 8/9 : COPY build/main.py /usr/src/app/main.py
 ---> f25e5bd7874d
Step 9/9 : CMD ["python3", "-u", "/usr/src/app/main.py"]
 ---> [Warning] The requested image's platform (linux/arm64/v8) does not match the detected host platform (linux/amd64/v2) and no specific platform was requested
 ---> Running in 286ae2488f5e
Removing intermediate container 286ae2488f5e
 ---> ae778bbc92ee
Successfully built ae778bbc92ee
Successfully tagged registry.messner.click/gunny26/docker-dnsscanner:2024-11-22-d5b11a5
The push refers to repository [registry.messner.click/gunny26/docker-dnsscanner]
8bd9d871da65: Preparing
df7b7d265196: Preparing
29cc6c9925ba: Preparing
c36f005a8eed: Preparing
2d6b6e63aa2f: Preparing
c36f005a8eed: Layer already exists
df7b7d265196: Layer already exists
29cc6c9925ba: Layer already exists
2d6b6e63aa2f: Layer already exists
8bd9d871da65: Pushed
2024-11-22-d5b11a5: digest: sha256:e1c85ef01b9f4af31b993ab3194ef536a377cfe01953e5011d3999c525b5e319 size: 1366
The push refers to repository [registry.messner.click/gunny26/docker-dnsscanner]
8bd9d871da65: Preparing
df7b7d265196: Preparing
29cc6c9925ba: Preparing
c36f005a8eed: Preparing
2d6b6e63aa2f: Preparing
2d6b6e63aa2f: Layer already exists
8bd9d871da65: Layer already exists
29cc6c9925ba: Layer already exists
df7b7d265196: Layer already exists
c36f005a8eed: Layer already exists
stable: digest: sha256:e1c85ef01b9f4af31b993ab3194ef536a377cfe01953e5011d3999c525b5e319 size: 1366
